Expression	Value	Location	Type	
halt	'\0' (0x00)	0x200014F6	uint8_t	
resultNdmParam	<array>".b...цсгнлй§яеq"	0x2000148C	uint8_t[15]	
rxNdmCadr	<array>	0x2000070C	uint16_t[1216]	
[0]	18345	0x2000070C	uint16_t	
[1]	20373	0x2000070E	uint16_t	
[2]	21912	0x20000710	uint16_t	
[3]	23433	0x20000712	uint16_t	
[4]	28194	0x20000714	uint16_t	
[5]	32632	0x20000716	uint16_t	
[6]	34625	0x20000718	uint16_t	
[7]	34693	0x2000071A	uint16_t	
[8]	31760	0x2000071C	uint16_t	
[9]	25751	0x2000071E	uint16_t	
[10]	20307	0x20000720	uint16_t	
[11]	19479	0x20000722	uint16_t	
[12]	25252	0x20000724	uint16_t	
[13]	31524	0x20000726	uint16_t	
[14]	34266	0x20000728	uint16_t	
[15]	34714	0x2000072A	uint16_t	
[16]	34114	0x2000072C	uint16_t	
[17]	33150	0x2000072E	uint16_t	
[18]	32265	0x20000730	uint16_t	
[19]	31217	0x20000732	uint16_t	
[20]	27225	0x20000734	uint16_t	
[21]	20916	0x20000736	uint16_t	
[22]	16642	0x20000738	uint16_t	
[23]	16639	0x2000073A	uint16_t	
[24]	22599	0x2000073C	uint16_t	
[25]	29598	0x2000073E	uint16_t	
[26]	32855	0x20000740	uint16_t	
[27]	33320	0x20000742	uint16_t	
[28]	30129	0x20000744	uint16_t	
[29]	23486	0x20000746	uint16_t	
[30]	18106	0x20000748	uint16_t	
[31]	16919	0x2000074A	uint16_t	
[32]	18401	0x2000074C	uint16_t	
[33]	20456	0x2000074E	uint16_t	
[34]	21993	0x20000750	uint16_t	
[35]	23422	0x20000752	uint16_t	
[36]	27936	0x20000754	uint16_t	
[37]	32560	0x20000756	uint16_t	
[38]	34748	0x20000758	uint16_t	
[39]	35013	0x2000075A	uint16_t	
[40]	32339	0x2000075C	uint16_t	
[41]	26638	0x2000075E	uint16_t	
[42]	21093	0x20000760	uint16_t	
[43]	19670	0x20000762	uint16_t	
[44]	24849	0x20000764	uint16_t	
[45]	31195	0x20000766	uint16_t	
[46]	34108	0x20000768	uint16_t	
[47]	34728	0x2000076A	uint16_t	
[48]	34160	0x2000076C	uint16_t	
[49]	33174	0x2000076E	uint16_t	
[50]	32208	0x20000770	uint16_t	
[51]	31312	0x20000772	uint16_t	
[52]	28013	0x20000774	uint16_t	
[53]	21839	0x20000776	uint16_t	
[54]	17099	0x20000778	uint16_t	
[55]	16120	0x2000077A	uint16_t	
[56]	17605	0x2000077C	uint16_t	
[57]	19685	0x2000077E	uint16_t	
[58]	21349	0x20000780	uint16_t	
[59]	22624	0x20000782	uint16_t	
[60]	26923	0x20000784	uint16_t	
[61]	31888	0x20000786	uint16_t	
[62]	34393	0x20000788	uint16_t	
[63]	34864	0x2000078A	uint16_t	
[64]	32542	0x2000078C	uint16_t	
[65]	27015	0x2000078E	uint16_t	
[66]	21027	0x20000790	uint16_t	
[67]	19014	0x20000792	uint16_t	
[68]	23634	0x20000794	uint16_t	
[69]	30398	0x20000796	uint16_t	
[70]	33731	0x20000798	uint16_t	
[71]	34558	0x2000079A	uint16_t	
[72]	32257	0x2000079C	uint16_t	
[73]	26344	0x2000079E	uint16_t	
[74]	20263	0x200007A0	uint16_t	
[75]	18286	0x200007A2	uint16_t	
[76]	22966	0x200007A4	uint16_t	
[77]	30440	0x200007A6	uint16_t	
[78]	34619	0x200007A8	uint16_t	
[79]	36037	0x200007AA	uint16_t	
[80]	34389	0x200007AC	uint16_t	
[81]	28943	0x200007AE	uint16_t	
[82]	21034	0x200007B0	uint16_t	
[83]	16352	0x200007B2	uint16_t	
[84]	19205	0x200007B4	uint16_t	
[85]	26584	0x200007B6	uint16_t	
[86]	31238	0x200007B8	uint16_t	
[87]	32721	0x200007BA	uint16_t	
[88]	30584	0x200007BC	uint16_t	
[89]	24519	0x200007BE	uint16_t	
[90]	18317	0x200007C0	uint16_t	
[91]	16652	0x200007C2	uint16_t	
[92]	21819	0x200007C4	uint16_t	
[93]	29735	0x200007C6	uint16_t	
[94]	33609	0x200007C8	uint16_t	
[95]	34572	0x200007CA	uint16_t	
[96]	34227	0x200007CC	uint16_t	
[97]	33294	0x200007CE	uint16_t	
[98]	32326	0x200007D0	uint16_t	
[99]	31282	0x200007D2	uint16_t	
[100]	28128	0x200007D4	uint16_t	
[101]	22116	0x200007D6	uint16_t	
[102]	17054	0x200007D8	uint16_t	
[103]	15917	0x200007DA	uint16_t	
[104]	20365	0x200007DC	uint16_t	
[105]	27941	0x200007DE	uint16_t	
[106]	32239	0x200007E0	uint16_t	
[107]	33469	0x200007E2	uint16_t	
[108]	31341	0x200007E4	uint16_t	
[109]	25300	0x200007E6	uint16_t	
[110]	18928	0x200007E8	uint16_t	
[111]	16771	0x200007EA	uint16_t	
[112]	18025	0x200007EC	uint16_t	
[113]	20296	0x200007EE	uint16_t	
[114]	22161	0x200007F0	uint16_t	
[115]	23824	0x200007F2	uint16_t	
[116]	27695	0x200007F4	uint16_t	
[117]	32356	0x200007F6	uint16_t	
[118]	34732	0x200007F8	uint16_t	
[119]	35300	0x200007FA	uint16_t	
[120]	33633	0x200007FC	uint16_t	
[121]	28766	0x200007FE	uint16_t	
[122]	22753	0x20000800	uint16_t	
[123]	19810	0x20000802	uint16_t	
[124]	23011	0x20000804	uint16_t	
[125]	29759	0x20000806	uint16_t	
[126]	33622	0x20000808	uint16_t	
[127]	34743	0x2000080A	uint16_t	
[128]	34382	0x2000080C	uint16_t	
[129]	33369	0x2000080E	uint16_t	
[130]	32400	0x20000810	uint16_t	
[131]	31722	0x20000812	uint16_t	
[132]	29237	0x20000814	uint16_t	
[133]	23395	0x20000816	uint16_t	
[134]	17846	0x20000818	uint16_t	
[135]	15932	0x2000081A	uint16_t	
[136]	19675	0x2000081C	uint16_t	
[137]	27366	0x2000081E	uint16_t	
[138]	32003	0x20000820	uint16_t	
[139]	33351	0x20000822	uint16_t	
[140]	31594	0x20000824	uint16_t	
[141]	25748	0x20000826	uint16_t	
[142]	19093	0x20000828	uint16_t	
[143]	16508	0x2000082A	uint16_t	
[144]	17442	0x2000082C	uint16_t	
[145]	19666	0x2000082E	uint16_t	
[146]	21612	0x20000830	uint16_t	
[147]	22854	0x20000832	uint16_t	
[148]	26015	0x20000834	uint16_t	
[149]	31083	0x20000836	uint16_t	
[150]	34144	0x20000838	uint16_t	
[151]	35199	0x2000083A	uint16_t	
[152]	35049	0x2000083C	uint16_t	
[153]	34236	0x2000083E	uint16_t	
[154]	33354	0x20000840	uint16_t	
[155]	32619	0x20000842	uint16_t	
[156]	30527	0x20000844	uint16_t	
[157]	24992	0x20000846	uint16_t	
[158]	18978	0x20000848	uint16_t	
[159]	16450	0x2000084A	uint16_t	
[160]	17183	0x2000084C	uint16_t	
[161]	19117	0x2000084E	uint16_t	
[162]	20923	0x20000850	uint16_t	
[163]	22124	0x20000852	uint16_t	
[164]	25152	0x20000854	uint16_t	
[165]	30344	0x20000856	uint16_t	
[166]	33737	0x20000858	uint16_t	
[167]	34952	0x2000085A	uint16_t	
[168]	33783	0x2000085C	uint16_t	
[169]	29221	0x2000085E	uint16_t	
[170]	22943	0x20000860	uint16_t	
[171]	19430	0x20000862	uint16_t	
[172]	21814	0x20000864	uint16_t	
[173]	28701	0x20000866	uint16_t	
[174]	33152	0x20000868	uint16_t	
[175]	34680	0x2000086A	uint16_t	
[176]	33516	0x2000086C	uint16_t	
[177]	28758	0x2000086E	uint16_t	
[178]	22191	0x20000870	uint16_t	
[179]	18563	0x20000872	uint16_t	
[180]	20827	0x20000874	uint16_t	
[181]	27925	0x20000876	uint16_t	
[182]	32711	0x20000878	uint16_t	
[183]	34387	0x2000087A	uint16_t	
[184]	33281	0x2000087C	uint16_t	
[185]	28427	0x2000087E	uint16_t	
[186]	21795	0x20000880	uint16_t	
[187]	18176	0x20000882	uint16_t	
[188]	20404	0x20000884	uint16_t	
[189]	27586	0x20000886	uint16_t	
[190]	32495	0x20000888	uint16_t	
[191]	34253	0x2000088A	uint16_t	
[192]	33849	0x2000088C	uint16_t	
[193]	29790	0x2000088E	uint16_t	
[194]	23048	0x20000890	uint16_t	
[195]	18411	0x20000892	uint16_t	
[196]	18994	0x20000894	uint16_t	
[197]	25780	0x20000896	uint16_t	
[198]	31689	0x20000898	uint16_t	
[199]	34070	0x2000089A	uint16_t	
[200]	34330	0x2000089C	uint16_t	
[201]	33576	0x2000089E	uint16_t	
[202]	32536	0x200008A0	uint16_t	
[203]	31595	0x200008A2	uint16_t	
[204]	30044	0x200008A4	uint16_t	
[205]	25221	0x200008A6	uint16_t	
[206]	19178	0x200008A8	uint16_t	
[207]	16076	0x200008AA	uint16_t	
[208]	17329	0x200008AC	uint16_t	
[209]	24239	0x200008AE	uint16_t	
[210]	30584	0x200008B0	uint16_t	
[211]	33205	0x200008B2	uint16_t	
[212]	33078	0x200008B4	uint16_t	
[213]	28961	0x200008B6	uint16_t	
[214]	22097	0x200008B8	uint16_t	
[215]	17531	0x200008BA	uint16_t	
[216]	17950	0x200008BC	uint16_t	
[217]	24511	0x200008BE	uint16_t	
[218]	30876	0x200008C0	uint16_t	
[219]	33572	0x200008C2	uint16_t	
[220]	33641	0x200008C4	uint16_t	
[221]	30006	0x200008C6	uint16_t	
[222]	23318	0x200008C8	uint16_t	
[223]	18516	0x200008CA	uint16_t	
[224]	18595	0x200008CC	uint16_t	
[225]	24988	0x200008CE	uint16_t	
[226]	31322	0x200008D0	uint16_t	
[227]	34004	0x200008D2	uint16_t	
[228]	34048	0x200008D4	uint16_t	
[229]	30499	0x200008D6	uint16_t	
[230]	23917	0x200008D8	uint16_t	
[231]	18720	0x200008DA	uint16_t	
[232]	18452	0x200008DC	uint16_t	
[233]	24583	0x200008DE	uint16_t	
[234]	30964	0x200008E0	uint16_t	
[235]	33698	0x200008E2	uint16_t	
[236]	33816	0x200008E4	uint16_t	
[237]	30153	0x200008E6	uint16_t	
[238]	23406	0x200008E8	uint16_t	
[239]	18373	0x200008EA	uint16_t	
[240]	18272	0x200008EC	uint16_t	
[241]	24705	0x200008EE	uint16_t	
[242]	31068	0x200008F0	uint16_t	
[243]	33820	0x200008F2	uint16_t	
[244]	33865	0x200008F4	uint16_t	
[245]	30523	0x200008F6	uint16_t	
[246]	24043	0x200008F8	uint16_t	
[247]	18937	0x200008FA	uint16_t	
[248]	18627	0x200008FC	uint16_t	
[249]	24786	0x200008FE	uint16_t	
[250]	31165	0x20000900	uint16_t	
[251]	33865	0x20000902	uint16_t	
[252]	34085	0x20000904	uint16_t	
[253]	30680	0x20000906	uint16_t	
[254]	24157	0x20000908	uint16_t	
[255]	18899	0x2000090A	uint16_t	
[256]	18330	0x2000090C	uint16_t	
[257]	24210	0x2000090E	uint16_t	
[258]	30877	0x20000910	uint16_t	
[259]	33799	0x20000912	uint16_t	
[260]	34185	0x20000914	uint16_t	
[261]	31072	0x20000916	uint16_t	
[262]	24710	0x20000918	uint16_t	
[263]	19208	0x2000091A	uint16_t	
[264]	17771	0x2000091C	uint16_t	
[265]	19131	0x2000091E	uint16_t	
[266]	21514	0x20000920	uint16_t	
[267]	23725	0x20000922	uint16_t	
[268]	25349	0x20000924	uint16_t	
[269]	28653	0x20000926	uint16_t	
[270]	31734	0x20000928	uint16_t	
[271]	33036	0x2000092A	uint16_t	
[272]	33273	0x2000092C	uint16_t	
[273]	33274	0x2000092E	uint16_t	
[274]	33540	0x20000930	uint16_t	
[275]	33831	0x20000932	uint16_t	
[276]	33601	0x20000934	uint16_t	
[277]	30794	0x20000936	uint16_t	
[278]	25166	0x20000938	uint16_t	
[279]	20239	0x2000093A	uint16_t	
[280]	19117	0x2000093C	uint16_t	
[281]	24117	0x2000093E	uint16_t	
[282]	30586	0x20000940	uint16_t	
[283]	33586	0x20000942	uint16_t	
[284]	33648	0x20000944	uint16_t	
[285]	30083	0x20000946	uint16_t	
[286]	23167	0x20000948	uint16_t	
[287]	17748	0x2000094A	uint16_t	
[288]	17104	0x2000094C	uint16_t	
[289]	22763	0x2000094E	uint16_t	
[290]	29971	0x20000950	uint16_t	
[291]	33465	0x20000952	uint16_t	
[292]	34164	0x20000954	uint16_t	
[293]	31435	0x20000956	uint16_t	
[294]	25215	0x20000958	uint16_t	
[295]	19361	0x2000095A	uint16_t	
[296]	17598	0x2000095C	uint16_t	
[297]	18800	0x2000095E	uint16_t	
[298]	20836	0x20000960	uint16_t	
[299]	22381	0x20000962	uint16_t	
[300]	23472	0x20000964	uint16_t	
[301]	27310	0x20000966	uint16_t	
[302]	32022	0x20000968	uint16_t	
[303]	34534	0x2000096A	uint16_t	
[304]	35015	0x2000096C	uint16_t	
[305]	32708	0x2000096E	uint16_t	
[306]	27122	0x20000970	uint16_t	
[307]	21367	0x20000972	uint16_t	
[308]	19440	0x20000974	uint16_t	
[309]	24017	0x20000976	uint16_t	
[310]	30672	0x20000978	uint16_t	
[311]	33865	0x2000097A	uint16_t	
[312]	34794	0x2000097C	uint16_t	
[313]	34312	0x2000097E	uint16_t	
[314]	33310	0x20000980	uint16_t	
[315]	32413	0x20000982	uint16_t	
[316]	31631	0x20000984	uint16_t	
[317]	28512	0x20000986	uint16_t	
[318]	22304	0x20000988	uint16_t	
[319]	17418	0x2000098A	uint16_t	
[320]	16238	0x2000098C	uint16_t	
[321]	17577	0x2000098E	uint16_t	
[322]	19574	0x20000990	uint16_t	
[323]	21184	0x20000992	uint16_t	
[324]	22331	0x20000994	uint16_t	
[325]	26128	0x20000996	uint16_t	
[326]	31318	0x20000998	uint16_t	
[327]	34145	0x2000099A	uint16_t	
[328]	34900	0x2000099C	uint16_t	
[329]	32849	0x2000099E	uint16_t	
[330]	27462	0x200009A0	uint16_t	
[331]	21462	0x200009A2	uint16_t	
[332]	19153	0x200009A4	uint16_t	
[333]	23210	0x200009A6	uint16_t	
[334]	30072	0x200009A8	uint16_t	
[335]	33645	0x200009AA	uint16_t	
[336]	34649	0x200009AC	uint16_t	
[337]	34186	0x200009AE	uint16_t	
[338]	33294	0x200009B0	uint16_t	
[339]	32348	0x200009B2	uint16_t	
[340]	31543	0x200009B4	uint16_t	
[341]	28722	0x200009B6	uint16_t	
[342]	22663	0x200009B8	uint16_t	
[343]	17305	0x200009BA	uint16_t	
[344]	15800	0x200009BC	uint16_t	
[345]	20111	0x200009BE	uint16_t	
[346]	27768	0x200009C0	uint16_t	
[347]	32089	0x200009C2	uint16_t	
[348]	33335	0x200009C4	uint16_t	
[349]	31208	0x200009C6	uint16_t	
[350]	25018	0x200009C8	uint16_t	
[351]	18665	0x200009CA	uint16_t	
[352]	16546	0x200009CC	uint16_t	
[353]	20711	0x200009CE	uint16_t	
[354]	28372	0x200009D0	uint16_t	
[355]	32695	0x200009D2	uint16_t	
[356]	34005	0x200009D4	uint16_t	
[357]	32086	0x200009D6	uint16_t	
[358]	26444	0x200009D8	uint16_t	
[359]	20045	0x200009DA	uint16_t	
[360]	17507	0x200009DC	uint16_t	
[361]	21225	0x200009DE	uint16_t	
[362]	28703	0x200009E0	uint16_t	
[363]	32998	0x200009E2	uint16_t	
[364]	34226	0x200009E4	uint16_t	
[365]	32491	0x200009E6	uint16_t	
[366]	27024	0x200009E8	uint16_t	
[367]	20651	0x200009EA	uint16_t	
[368]	17913	0x200009EC	uint16_t	
[369]	21388	0x200009EE	uint16_t	
[370]	28743	0x200009F0	uint16_t	
[371]	33091	0x200009F2	uint16_t	
[372]	34413	0x200009F4	uint16_t	
[373]	32825	0x200009F6	uint16_t	
[374]	27552	0x200009F8	uint16_t	
[375]	21121	0x200009FA	uint16_t	
[376]	18265	0x200009FC	uint16_t	
[377]	21500	0x200009FE	uint16_t	
[378]	28806	0x20000A00	uint16_t	
[379]	33070	0x20000A02	uint16_t	
[380]	34377	0x20000A04	uint16_t	
[381]	32839	0x20000A06	uint16_t	
[382]	27445	0x20000A08	uint16_t	
[383]	20714	0x20000A0A	uint16_t	
[384]	17614	0x20000A0C	uint16_t	
[385]	20641	0x20000A0E	uint16_t	
[386]	28115	0x20000A10	uint16_t	
[387]	32725	0x20000A12	uint16_t	
[388]	34114	0x20000A14	uint16_t	
[389]	32691	0x20000A16	uint16_t	
[390]	27463	0x20000A18	uint16_t	
[391]	20942	0x20000A1A	uint16_t	
[392]	17893	0x20000A1C	uint16_t	
[393]	20782	0x20000A1E	uint16_t	
[394]	28312	0x20000A20	uint16_t	
[395]	32887	0x20000A22	uint16_t	
[396]	34449	0x20000A24	uint16_t	
[397]	33178	0x20000A26	uint16_t	
[398]	28185	0x20000A28	uint16_t	
[399]	21622	0x20000A2A	uint16_t	
[400]	18208	0x20000A2C	uint16_t	
[401]	18420	0x20000A2E	uint16_t	
[402]	20263	0x20000A30	uint16_t	
[403]	22259	0x20000A32	uint16_t	
[404]	23908	0x20000A34	uint16_t	
[405]	26871	0x20000A36	uint16_t	
[406]	31423	0x20000A38	uint16_t	
[407]	34141	0x20000A3A	uint16_t	
[408]	35022	0x20000A3C	uint16_t	
[409]	34744	0x20000A3E	uint16_t	
[410]	33917	0x20000A40	uint16_t	
[411]	33098	0x20000A42	uint16_t	
[412]	32415	0x20000A44	uint16_t	
[413]	30440	0x20000A46	uint16_t	
[414]	25177	0x20000A48	uint16_t	
[415]	19307	0x20000A4A	uint16_t	
[416]	16869	0x20000A4C	uint16_t	
[417]	19575	0x20000A4E	uint16_t	
[418]	27031	0x20000A50	uint16_t	
[419]	32095	0x20000A52	uint16_t	
[420]	33836	0x20000A54	uint16_t	
[421]	32535	0x20000A56	uint16_t	
[422]	27361	0x20000A58	uint16_t	
[423]	20762	0x20000A5A	uint16_t	
[424]	17533	0x20000A5C	uint16_t	
[425]	19785	0x20000A5E	uint16_t	
[426]	27150	0x20000A60	uint16_t	
[427]	32255	0x20000A62	uint16_t	
[428]	34036	0x20000A64	uint16_t	
[429]	32919	0x20000A66	uint16_t	
[430]	27942	0x20000A68	uint16_t	
[431]	21291	0x20000A6A	uint16_t	
[432]	17656	0x20000A6C	uint16_t	
[433]	19706	0x20000A6E	uint16_t	
[434]	26981	0x20000A70	uint16_t	
[435]	32265	0x20000A72	uint16_t	
[436]	34119	0x20000A74	uint16_t	
[437]	33304	0x20000A76	uint16_t	
[438]	28677	0x20000A78	uint16_t	
[439]	21948	0x20000A7A	uint16_t	
[440]	18034	0x20000A7C	uint16_t	
[441]	19686	0x20000A7E	uint16_t	
[442]	26958	0x20000A80	uint16_t	
[443]	32295	0x20000A82	uint16_t	
[444]	34222	0x20000A84	uint16_t	
[445]	33452	0x20000A86	uint16_t	
[446]	29000	0x20000A88	uint16_t	
[447]	22298	0x20000A8A	uint16_t	
[448]	18303	0x20000A8C	uint16_t	
[449]	18283	0x20000A8E	uint16_t	
[450]	20135	0x20000A90	uint16_t	
[451]	22059	0x20000A92	uint16_t	
[452]	23405	0x20000A94	uint16_t	
[453]	25715	0x20000A96	uint16_t	
[454]	30621	0x20000A98	uint16_t	
[455]	34026	0x20000A9A	uint16_t	
[456]	35256	0x20000A9C	uint16_t	
[457]	35145	0x20000A9E	uint16_t	
[458]	34368	0x20000AA0	uint16_t	
[459]	33519	0x20000AA2	uint16_t	
[460]	32907	0x20000AA4	uint16_t	
[461]	32150	0x20000AA6	uint16_t	
[462]	29168	0x20000AA8	uint16_t	
[463]	24360	0x20000AAA	uint16_t	
[464]	20093	0x20000AAC	uint16_t	
[465]	17781	0x20000AAE	uint16_t	
[466]	17073	0x20000AB0	uint16_t	
[467]	17414	0x20000AB2	uint16_t	
[468]	18409	0x20000AB4	uint16_t	
[469]	21108	0x20000AB6	uint16_t	
[470]	27426	0x20000AB8	uint16_t	
[471]	32127	0x20000ABA	uint16_t	
[472]	33865	0x20000ABC	uint16_t	
[473]	34123	0x20000ABE	uint16_t	
[474]	33532	0x20000AC0	uint16_t	
[475]	32861	0x20000AC2	uint16_t	
[476]	32517	0x20000AC4	uint16_t	
[477]	31526	0x20000AC6	uint16_t	
[478]	27167	0x20000AC8	uint16_t	
[479]	20924	0x20000ACA	uint16_t	
[480]	17300	0x20000ACC	uint16_t	
[481]	18525	0x20000ACE	uint16_t	
[482]	25541	0x20000AD0	uint16_t	
[483]	31362	0x20000AD2	uint16_t	
[484]	33697	0x20000AD4	uint16_t	
[485]	33288	0x20000AD6	uint16_t	
[486]	29042	0x20000AD8	uint16_t	
[487]	22215	0x20000ADA	uint16_t	
[488]	17798	0x20000ADC	uint16_t	
[489]	18650	0x20000ADE	uint16_t	
[490]	25655	0x20000AE0	uint16_t	
[491]	31574	0x20000AE2	uint16_t	
[492]	33849	0x20000AE4	uint16_t	
[493]	33512	0x20000AE6	uint16_t	
[494]	29375	0x20000AE8	uint16_t	
[495]	22585	0x20000AEA	uint16_t	
[496]	18055	0x20000AEC	uint16_t	
[497]	18730	0x20000AEE	uint16_t	
[498]	25484	0x20000AF0	uint16_t	
[499]	31433	0x20000AF2	uint16_t	
[500]	33865	0x20000AF4	uint16_t	
[501]	33688	0x20000AF6	uint16_t	
[502]	29805	0x20000AF8	uint16_t	
[503]	23108	0x20000AFA	uint16_t	
[504]	18374	0x20000AFC	uint16_t	
[505]	18748	0x20000AFE	uint16_t	
[506]	25382	0x20000B00	uint16_t	
[507]	31489	0x20000B02	uint16_t	
[508]	33865	0x20000B04	uint16_t	
[509]	33808	0x20000B06	uint16_t	
[510]	30017	0x20000B08	uint16_t	
[511]	23422	0x20000B0A	uint16_t	
[512]	18638	0x20000B0C	uint16_t	
[513]	18862	0x20000B0E	uint16_t	
[514]	25399	0x20000B10	uint16_t	
[515]	31522	0x20000B12	uint16_t	
[516]	34080	0x20000B14	uint16_t	
[517]	34146	0x20000B16	uint16_t	
[518]	30534	0x20000B18	uint16_t	
[519]	23907	0x20000B1A	uint16_t	
[520]	18854	0x20000B1C	uint16_t	
[521]	17913	0x20000B1E	uint16_t	
[522]	19313	0x20000B20	uint16_t	
[523]	21299	0x20000B22	uint16_t	
[524]	22952	0x20000B24	uint16_t	
[525]	25065	0x20000B26	uint16_t	
[526]	29580	0x20000B28	uint16_t	
[527]	33331	0x20000B2A	uint16_t	
[528]	34936	0x20000B2C	uint16_t	
[529]	34758	0x20000B2E	uint16_t	
[530]	31476	0x20000B30	uint16_t	
[531]	25379	0x20000B32	uint16_t	
[532]	20440	0x20000B34	uint16_t	
[533]	20057	0x20000B36	uint16_t	
[534]	26044	0x20000B38	uint16_t	
[535]	31916	0x20000B3A	uint16_t	
[536]	34474	0x20000B3C	uint16_t	
[537]	34865	0x20000B3E	uint16_t	
[538]	34137	0x20000B40	uint16_t	
[539]	33173	0x20000B42	uint16_t	
[540]	32251	0x20000B44	uint16_t	
[541]	30805	0x20000B46	uint16_t	
[542]	26528	0x20000B48	uint16_t	
[543]	20447	0x20000B4A	uint16_t	
[544]	16808	0x20000B4C	uint16_t	
[545]	17213	0x20000B4E	uint16_t	
[546]	23378	0x20000B50	uint16_t	
[547]	30126	0x20000B52	uint16_t	
[548]	33179	0x20000B54	uint16_t	
[549]	33467	0x20000B56	uint16_t	
[550]	30008	0x20000B58	uint16_t	
[551]	23387	0x20000B5A	uint16_t	
[552]	18211	0x20000B5C	uint16_t	
[553]	17765	0x20000B5E	uint16_t	
[554]	23763	0x20000B60	uint16_t	
[555]	30514	0x20000B62	uint16_t	
[556]	33563	0x20000B64	uint16_t	
[557]	33865	0x20000B66	uint16_t	
[558]	30680	0x20000B68	uint16_t	
[559]	24176	0x20000B6A	uint16_t	
[560]	18705	0x20000B6C	uint16_t	
[561]	17925	0x20000B6E	uint16_t	
[562]	23676	0x20000B70	uint16_t	
[563]	30498	0x20000B72	uint16_t	
[564]	33609	0x20000B74	uint16_t	
[565]	33865	0x20000B76	uint16_t	
[566]	30795	0x20000B78	uint16_t	
[567]	24260	0x20000B7A	uint16_t	
[568]	18812	0x20000B7C	uint16_t	
[569]	17863	0x20000B7E	uint16_t	
[570]	23406	0x20000B80	uint16_t	
[571]	30353	0x20000B82	uint16_t	
[572]	33522	0x20000B84	uint16_t	
[573]	34058	0x20000B86	uint16_t	
[574]	31173	0x20000B88	uint16_t	
[575]	24803	0x20000B8A	uint16_t	
[576]	19065	0x20000B8C	uint16_t	
[577]	17354	0x20000B8E	uint16_t	
[578]	18669	0x20000B90	uint16_t	
[579]	20930	0x20000B92	uint16_t	
[580]	22980	0x20000B94	uint16_t	
[581]	24940	0x20000B96	uint16_t	
[582]	29206	0x20000B98	uint16_t	
[583]	33161	0x20000B9A	uint16_t	
[584]	34967	0x20000B9C	uint16_t	
[585]	35091	0x20000B9E	uint16_t	
[586]	32333	0x20000BA0	uint16_t	
[587]	26695	0x20000BA2	uint16_t	
[588]	21341	0x20000BA4	uint16_t	
[589]	19879	0x20000BA6	uint16_t	
[590]	24884	0x20000BA8	uint16_t	
[591]	31226	0x20000BAA	uint16_t	
[592]	34176	0x20000BAC	uint16_t	
[593]	34589	0x20000BAE	uint16_t	
[594]	31822	0x20000BB0	uint16_t	
[595]	25677	0x20000BB2	uint16_t	
[596]	19867	0x20000BB4	uint16_t	
[597]	18410	0x20000BB6	uint16_t	
[598]	23594	0x20000BB8	uint16_t	
[599]	30400	0x20000BBA	uint16_t	
[600]	33664	0x20000BBC	uint16_t	
[601]	34353	0x20000BBE	uint16_t	
[602]	33766	0x20000BC0	uint16_t	
[603]	32670	0x20000BC2	uint16_t	
[604]	31401	0x20000BC4	uint16_t	
[605]	30079	0x20000BC6	uint16_t	
[606]	26691	0x20000BC8	uint16_t	
[607]	21038	0x20000BCA	uint16_t	
[608]	17049	0x20000BCC	uint16_t	
[609]	16582	0x20000BCE	uint16_t	
[610]	21830	0x20000BD0	uint16_t	
[611]	29165	0x20000BD2	uint16_t	
[612]	32877	0x20000BD4	uint16_t	
[613]	33704	0x20000BD6	uint16_t	
[614]	31193	0x20000BD8	uint16_t	
[615]	25059	0x20000BDA	uint16_t	
[616]	19146	0x20000BDC	uint16_t	
[617]	17363	0x20000BDE	uint16_t	
[618]	22163	0x20000BE0	uint16_t	
[619]	29497	0x20000BE2	uint16_t	
[620]	33176	0x20000BE4	uint16_t	
[621]	34062	0x20000BE6	uint16_t	
[622]	31646	0x20000BE8	uint16_t	
[623]	25520	0x20000BEA	uint16_t	
[624]	19313	0x20000BEC	uint16_t	
[625]	17320	0x20000BEE	uint16_t	
[626]	21977	0x20000BF0	uint16_t	
[627]	29440	0x20000BF2	uint16_t	
[628]	33248	0x20000BF4	uint16_t	
[629]	34116	0x20000BF6	uint16_t	
[630]	31901	0x20000BF8	uint16_t	
[631]	26010	0x20000BFA	uint16_t	
[632]	19892	0x20000BFC	uint16_t	
[633]	17794	0x20000BFE	uint16_t	
[634]	22357	0x20000C00	uint16_t	
[635]	29705	0x20000C02	uint16_t	
[636]	33480	0x20000C04	uint16_t	
[637]	34431	0x20000C06	uint16_t	
[638]	32278	0x20000C08	uint16_t	
[639]	26447	0x20000C0A	uint16_t	
[640]	20283	0x20000C0C	uint16_t	
[641]	18128	0x20000C0E	uint16_t	
[642]	22466	0x20000C10	uint16_t	
[643]	29684	0x20000C12	uint16_t	
[644]	33339	0x20000C14	uint16_t	
[645]	34195	0x20000C16	uint16_t	
[646]	32138	0x20000C18	uint16_t	
[647]	26444	0x20000C1A	uint16_t	
[648]	20217	0x20000C1C	uint16_t	
[649]	17658	0x20000C1E	uint16_t	
[650]	18771	0x20000C20	uint16_t	
[651]	21502	0x20000C22	uint16_t	
[652]	23590	0x20000C24	uint16_t	
[653]	23644	0x20000C26	uint16_t	
[654]	24959	0x20000C28	uint16_t	
[655]	28744	0x20000C2A	uint16_t	
[656]	32067	0x20000C2C	uint16_t	
[657]	33865	0x20000C2E	uint16_t	
[658]	33302	0x20000C30	uint16_t	
[659]	29759	0x20000C32	uint16_t	
[660]	25142	0x20000C34	uint16_t	
[661]	22408	0x20000C36	uint16_t	
[662]	25215	0x20000C38	uint16_t	
[663]	31196	0x20000C3A	uint16_t	
[664]	34515	0x20000C3C	uint16_t	
[665]	35453	0x20000C3E	uint16_t	
[666]	33811	0x20000C40	uint16_t	
[667]	28668	0x20000C42	uint16_t	
[668]	21695	0x20000C44	uint16_t	
[669]	18027	0x20000C46	uint16_t	
[670]	20984	0x20000C48	uint16_t	
[671]	28407	0x20000C4A	uint16_t	
[672]	32828	0x20000C4C	uint16_t	
[673]	33865	0x20000C4E	uint16_t	
[674]	33192	0x20000C50	uint16_t	
[675]	31759	0x20000C52	uint16_t	
[676]	30729	0x20000C54	uint16_t	
[677]	30179	0x20000C56	uint16_t	
[678]	28317	0x20000C58	uint16_t	
[679]	23363	0x20000C5A	uint16_t	
[680]	18425	0x20000C5C	uint16_t	
[681]	16604	0x20000C5E	uint16_t	
[682]	20188	0x20000C60	uint16_t	
[683]	27716	0x20000C62	uint16_t	
[684]	32319	0x20000C64	uint16_t	
[685]	33725	0x20000C66	uint16_t	
[686]	32326	0x20000C68	uint16_t	
[687]	27072	0x20000C6A	uint16_t	
[688]	20534	0x20000C6C	uint16_t	
[689]	17496	0x20000C6E	uint16_t	
[690]	20524	0x20000C70	uint16_t	
[691]	28018	0x20000C72	uint16_t	
[692]	32704	0x20000C74	uint16_t	
[693]	34104	0x20000C76	uint16_t	
[694]	32689	0x20000C78	uint16_t	
[695]	27595	0x20000C7A	uint16_t	
[696]	20943	0x20000C7C	uint16_t	
[697]	17657	0x20000C7E	uint16_t	
[698]	20835	0x20000C80	uint16_t	
[699]	28300	0x20000C82	uint16_t	
[700]	32715	0x20000C84	uint16_t	
[701]	34146	0x20000C86	uint16_t	
[702]	32751	0x20000C88	uint16_t	
[703]	27450	0x20000C8A	uint16_t	
[704]	20633	0x20000C8C	uint16_t	
[705]	17427	0x20000C8E	uint16_t	
[706]	18654	0x20000C90	uint16_t	
[707]	21393	0x20000C92	uint16_t	
[708]	23383	0x20000C94	uint16_t	
[709]	24180	0x20000C96	uint16_t	
[710]	26281	0x20000C98	uint16_t	
[711]	30617	0x20000C9A	uint16_t	
[712]	33617	0x20000C9C	uint16_t	
[713]	34650	0x20000C9E	uint16_t	
[714]	34452	0x20000CA0	uint16_t	
[715]	33710	0x20000CA2	uint16_t	
[716]	32845	0x20000CA4	uint16_t	
[717]	31994	0x20000CA6	uint16_t	
[718]	29620	0x20000CA8	uint16_t	
[719]	24143	0x20000CAA	uint16_t	
[720]	18624	0x20000CAC	uint16_t	
[721]	16643	0x20000CAE	uint16_t	
[722]	19587	0x20000CB0	uint16_t	
[723]	27081	0x20000CB2	uint16_t	
[724]	32141	0x20000CB4	uint16_t	
[725]	33795	0x20000CB6	uint16_t	
[726]	32433	0x20000CB8	uint16_t	
[727]	27193	0x20000CBA	uint16_t	
[728]	20588	0x20000CBC	uint16_t	
[729]	17389	0x20000CBE	uint16_t	
[730]	17998	0x20000CC0	uint16_t	
[731]	20083	0x20000CC2	uint16_t	
[732]	22144	0x20000CC4	uint16_t	
[733]	23180	0x20000CC6	uint16_t	
[734]	25648	0x20000CC8	uint16_t	
[735]	30648	0x20000CCA	uint16_t	
[736]	33865	0x20000CCC	uint16_t	
[737]	35239	0x20000CCE	uint16_t	
[738]	35111	0x20000CD0	uint16_t	
[739]	34315	0x20000CD2	uint16_t	
[740]	33395	0x20000CD4	uint16_t	
[741]	32605	0x20000CD6	uint16_t	
[742]	30715	0x20000CD8	uint16_t	
[743]	25641	0x20000CDA	uint16_t	
[744]	19677	0x20000CDC	uint16_t	
[745]	16904	0x20000CDE	uint16_t	
[746]	19038	0x20000CE0	uint16_t	
[747]	26355	0x20000CE2	uint16_t	
[748]	31742	0x20000CE4	uint16_t	
[749]	33701	0x20000CE6	uint16_t	
[750]	32849	0x20000CE8	uint16_t	
[751]	28045	0x20000CEA	uint16_t	
[752]	21152	0x20000CEC	uint16_t	
[753]	17205	0x20000CEE	uint16_t	
[754]	18935	0x20000CF0	uint16_t	
[755]	26417	0x20000CF2	uint16_t	
[756]	31979	0x20000CF4	uint16_t	
[757]	33865	0x20000CF6	uint16_t	
[758]	33260	0x20000CF8	uint16_t	
[759]	28841	0x20000CFA	uint16_t	
[760]	22183	0x20000CFC	uint16_t	
[761]	18133	0x20000CFE	uint16_t	
[762]	19516	0x20000D00	uint16_t	
[763]	26615	0x20000D02	uint16_t	
[764]	32127	0x20000D04	uint16_t	
[765]	34086	0x20000D06	uint16_t	
[766]	33497	0x20000D08	uint16_t	
[767]	29183	0x20000D0A	uint16_t	
[768]	22462	0x20000D0C	uint16_t	
[769]	18193	0x20000D0E	uint16_t	
[770]	19281	0x20000D10	uint16_t	
[771]	26259	0x20000D12	uint16_t	
[772]	31812	0x20000D14	uint16_t	
[773]	33865	0x20000D16	uint16_t	
[774]	33456	0x20000D18	uint16_t	
[775]	29277	0x20000D1A	uint16_t	
[776]	22542	0x20000D1C	uint16_t	
[777]	18172	0x20000D1E	uint16_t	
[778]	17831	0x20000D20	uint16_t	
[779]	19641	0x20000D22	uint16_t	
[780]	21770	0x20000D24	uint16_t	
[781]	23529	0x20000D26	uint16_t	
[782]	25994	0x20000D28	uint16_t	
[783]	30551	0x20000D2A	uint16_t	
[784]	33865	0x20000D2C	uint16_t	
[785]	35183	0x20000D2E	uint16_t	
[786]	35131	0x20000D30	uint16_t	
[787]	34444	0x20000D32	uint16_t	
[788]	33586	0x20000D34	uint16_t	
[789]	32853	0x20000D36	uint16_t	
[790]	31640	0x20000D38	uint16_t	
[791]	27339	0x20000D3A	uint16_t	
[792]	21063	0x20000D3C	uint16_t	
[793]	17253	0x20000D3E	uint16_t	
[794]	17026	0x20000D40	uint16_t	
[795]	18747	0x20000D42	uint16_t	
[796]	20700	0x20000D44	uint16_t	
[797]	22061	0x20000D46	uint16_t	
[798]	23824	0x20000D48	uint16_t	
[799]	28787	0x20000D4A	uint16_t	
[800]	32925	0x20000D4C	uint16_t	
[801]	34739	0x20000D4E	uint16_t	
[802]	34851	0x20000D50	uint16_t	
[803]	34155	0x20000D52	uint16_t	
[804]	33248	0x20000D54	uint16_t	
[805]	32305	0x20000D56	uint16_t	
[806]	30683	0x20000D58	uint16_t	
[807]	26199	0x20000D5A	uint16_t	
[808]	20266	0x20000D5C	uint16_t	
[809]	16855	0x20000D5E	uint16_t	
[810]	17721	0x20000D60	uint16_t	
[811]	24400	0x20000D62	uint16_t	
[812]	30764	0x20000D64	uint16_t	
[813]	33342	0x20000D66	uint16_t	
[814]	33306	0x20000D68	uint16_t	
[815]	29530	0x20000D6A	uint16_t	
[816]	22770	0x20000D6C	uint16_t	
[817]	18092	0x20000D6E	uint16_t	
[818]	18242	0x20000D70	uint16_t	
[819]	24685	0x20000D72	uint16_t	
[820]	31070	0x20000D74	uint16_t	
[821]	33719	0x20000D76	uint16_t	
[822]	33780	0x20000D78	uint16_t	
[823]	30161	0x20000D7A	uint16_t	
[824]	23468	0x20000D7C	uint16_t	
[825]	18416	0x20000D7E	uint16_t	
[826]	18282	0x20000D80	uint16_t	
[827]	24646	0x20000D82	uint16_t	
[828]	31061	0x20000D84	uint16_t	
[829]	33732	0x20000D86	uint16_t	
[830]	33804	0x20000D88	uint16_t	
[831]	30283	0x20000D8A	uint16_t	
[832]	23597	0x20000D8C	uint16_t	
[833]	18364	0x20000D8E	uint16_t	
[834]	17424	0x20000D90	uint16_t	
[835]	19096	0x20000D92	uint16_t	
[836]	21341	0x20000D94	uint16_t	
[837]	23517	0x20000D96	uint16_t	
[838]	25526	0x20000D98	uint16_t	
[839]	29757	0x20000D9A	uint16_t	
[840]	33377	0x20000D9C	uint16_t	
[841]	34924	0x20000D9E	uint16_t	
[842]	34750	0x20000DA0	uint16_t	
[843]	31632	0x20000DA2	uint16_t	
[844]	26045	0x20000DA4	uint16_t	
[845]	22520	0x20000DA6	uint16_t	
[846]	23694	0x20000DA8	uint16_t	
[847]	29483	0x20000DAA	uint16_t	
[848]	33732	0x20000DAC	uint16_t	
[849]	34889	0x20000DAE	uint16_t	
[850]	34083	0x20000DB0	uint16_t	
[851]	32486	0x20000DB2	uint16_t	
[852]	30931	0x20000DB4	uint16_t	
[853]	29797	0x20000DB6	uint16_t	
[854]	28274	0x20000DB8	uint16_t	
[855]	23975	0x20000DBA	uint16_t	
[856]	18261	0x20000DBC	uint16_t	
[857]	15222	0x20000DBE	uint16_t	
[858]	15581	0x20000DC0	uint16_t	
[859]	17932	0x20000DC2	uint16_t	
[860]	20515	0x20000DC4	uint16_t	
[861]	22293	0x20000DC6	uint16_t	
[862]	23755	0x20000DC8	uint16_t	
[863]	28274	0x20000DCA	uint16_t	
[864]	32747	0x20000DCC	uint16_t	
[865]	34767	0x20000DCE	uint16_t	
[866]	35039	0x20000DD0	uint16_t	
[867]	34481	0x20000DD2	uint16_t	
[868]	33633	0x20000DD4	uint16_t	
[869]	32881	0x20000DD6	uint16_t	
[870]	31975	0x20000DD8	uint16_t	
[871]	28505	0x20000DDA	uint16_t	
[872]	22236	0x20000DDC	uint16_t	
[873]	17510	0x20000DDE	uint16_t	
[874]	17038	0x20000DE0	uint16_t	
[875]	22685	0x20000DE2	uint16_t	
[876]	29710	0x20000DE4	uint16_t	
[877]	32997	0x20000DE6	uint16_t	
[878]	33585	0x20000DE8	uint16_t	
[879]	30599	0x20000DEA	uint16_t	
[880]	24128	0x20000DEC	uint16_t	
[881]	18525	0x20000DEE	uint16_t	
[882]	17485	0x20000DF0	uint16_t	
[883]	23019	0x20000DF2	uint16_t	
[884]	30060	0x20000DF4	uint16_t	
[885]	33371	0x20000DF6	uint16_t	
[886]	33865	0x20000DF8	uint16_t	
[887]	31077	0x20000DFA	uint16_t	
[888]	24702	0x20000DFC	uint16_t	
[889]	19008	0x20000DFE	uint16_t	
[890]	17748	0x20000E00	uint16_t	
[891]	22981	0x20000E02	uint16_t	
[892]	30132	0x20000E04	uint16_t	
[893]	33435	0x20000E06	uint16_t	
[894]	34194	0x20000E08	uint16_t	
[895]	31576	0x20000E0A	uint16_t	
[896]	25450	0x20000E0C	uint16_t	
[897]	19539	0x20000E0E	uint16_t	
[898]	18002	0x20000E10	uint16_t	
[899]	23141	0x20000E12	uint16_t	
[900]	30173	0x20000E14	uint16_t	
[901]	33545	0x20000E16	uint16_t	
[902]	34220	0x20000E18	uint16_t	
[903]	31506	0x20000E1A	uint16_t	
[904]	25375	0x20000E1C	uint16_t	
[905]	19390	0x20000E1E	uint16_t	
[906]	17765	0x20000E20	uint16_t	
[907]	22752	0x20000E22	uint16_t	
[908]	29822	0x20000E24	uint16_t	
[909]	33354	0x20000E26	uint16_t	
[910]	34153	0x20000E28	uint16_t	
[911]	31678	0x20000E2A	uint16_t	
[912]	25461	0x20000E2C	uint16_t	
[913]	19595	0x20000E2E	uint16_t	
[914]	17689	0x20000E30	uint16_t	
[915]	18804	0x20000E32	uint16_t	
[916]	20990	0x20000E34	uint16_t	
[917]	23198	0x20000E36	uint16_t	
[918]	25033	0x20000E38	uint16_t	
[919]	28769	0x20000E3A	uint16_t	
[920]	32746	0x20000E3C	uint16_t	
[921]	34759	0x20000E3E	uint16_t	
[922]	35090	0x20000E40	uint16_t	
[923]	32763	0x20000E42	uint16_t	
[924]	27177	0x20000E44	uint16_t	
[925]	21382	0x20000E46	uint16_t	
[926]	19335	0x20000E48	uint16_t	
[927]	23628	0x20000E4A	uint16_t	
[928]	30369	0x20000E4C	uint16_t	
[929]	33769	0x20000E4E	uint16_t	
[930]	34693	0x20000E50	uint16_t	
[931]	34201	0x20000E52	uint16_t	
[932]	33282	0x20000E54	uint16_t	
[933]	32194	0x20000E56	uint16_t	
[934]	30955	0x20000E58	uint16_t	
[935]	27903	0x20000E5A	uint16_t	
[936]	22413	0x20000E5C	uint16_t	
[937]	18065	0x20000E5E	uint16_t	
[938]	17031	0x20000E60	uint16_t	
[939]	18252	0x20000E62	uint16_t	
[940]	20084	0x20000E64	uint16_t	
[941]	21594	0x20000E66	uint16_t	
[942]	22742	0x20000E68	uint16_t	
[943]	26405	0x20000E6A	uint16_t	
[944]	31428	0x20000E6C	uint16_t	
[945]	34161	0x20000E6E	uint16_t	
[946]	34931	0x20000E70	uint16_t	
[947]	34532	0x20000E72	uint16_t	
[948]	33633	0x20000E74	uint16_t	
[949]	32716	0x20000E76	uint16_t	
[950]	31882	0x20000E78	uint16_t	
[951]	29154	0x20000E7A	uint16_t	
[952]	23097	0x20000E7C	uint16_t	
[953]	17637	0x20000E7E	uint16_t	
[954]	16053	0x20000E80	uint16_t	
[955]	20094	0x20000E82	uint16_t	
[956]	27771	0x20000E84	uint16_t	
[957]	32297	0x20000E86	uint16_t	
[958]	33607	0x20000E88	uint16_t	
[959]	31722	0x20000E8A	uint16_t	
[960]	25957	0x20000E8C	uint16_t	
[961]	19687	0x20000E8E	uint16_t	
[962]	17358	0x20000E90	uint16_t	
[963]	21187	0x20000E92	uint16_t	
[964]	28676	0x20000E94	uint16_t	
[965]	32999	0x20000E96	uint16_t	
[966]	34253	0x20000E98	uint16_t	
[967]	32616	0x20000E9A	uint16_t	
[968]	27155	0x20000E9C	uint16_t	
[969]	20543	0x20000E9E	uint16_t	
[970]	17623	0x20000EA0	uint16_t	
[971]	20893	0x20000EA2	uint16_t	
[972]	28315	0x20000EA4	uint16_t	
[973]	32780	0x20000EA6	uint16_t	
[974]	34125	0x20000EA8	uint16_t	
[975]	32503	0x20000EAA	uint16_t	
[976]	27174	0x20000EAC	uint16_t	
[977]	20965	0x20000EAE	uint16_t	
[978]	18363	0x20000EB0	uint16_t	
[979]	21647	0x20000EB2	uint16_t	
[980]	28950	0x20000EB4	uint16_t	
[981]	33219	0x20000EB6	uint16_t	
[982]	34584	0x20000EB8	uint16_t	
[983]	33119	0x20000EBA	uint16_t	
[984]	27875	0x20000EBC	uint16_t	
[985]	21239	0x20000EBE	uint16_t	
[986]	18012	0x20000EC0	uint16_t	
[987]	20859	0x20000EC2	uint16_t	
[988]	28270	0x20000EC4	uint16_t	
[989]	32823	0x20000EC6	uint16_t	
[990]	34210	0x20000EC8	uint16_t	
[991]	32704	0x20000ECA	uint16_t	
[992]	27374	0x20000ECC	uint16_t	
[993]	20778	0x20000ECE	uint16_t	
[994]	17702	0x20000ED0	uint16_t	
[995]	20605	0x20000ED2	uint16_t	
[996]	28092	0x20000ED4	uint16_t	
[997]	32833	0x20000ED6	uint16_t	
[998]	34270	0x20000ED8	uint16_t	
[999]	32916	0x20000EDA	uint16_t	
[1000]	27859	0x20000EDC	uint16_t	
[1001]	21523	0x20000EDE	uint16_t	
[1002]	18570	0x20000EE0	uint16_t	
[1003]	21496	0x20000EE2	uint16_t	
[1004]	28754	0x20000EE4	uint16_t	
[1005]	33173	0x20000EE6	uint16_t	
[1006]	34549	0x20000EE8	uint16_t	
[1007]	33092	0x20000EEA	uint16_t	
[1008]	27930	0x20000EEC	uint16_t	
[1009]	21091	0x20000EEE	uint16_t	
[1010]	17470	0x20000EF0	uint16_t	
[1011]	19838	0x20000EF2	uint16_t	
[1012]	27363	0x20000EF4	uint16_t	
[1013]	32512	0x20000EF6	uint16_t	
[1014]	34231	0x20000EF8	uint16_t	
[1015]	33146	0x20000EFA	uint16_t	
[1016]	28302	0x20000EFC	uint16_t	
[1017]	21628	0x20000EFE	uint16_t	
[1018]	17943	0x20000F00	uint16_t	
[1019]	20044	0x20000F02	uint16_t	
[1020]	27434	0x20000F04	uint16_t	
[1021]	32419	0x20000F06	uint16_t	
[1022]	34174	0x20000F08	uint16_t	
[1023]	33173	0x20000F0A	uint16_t	
[1024]	28384	0x20000F0C	uint16_t	
[1025]	21638	0x20000F0E	uint16_t	
[1026]	17874	0x20000F10	uint16_t	
[1027]	18073	0x20000F12	uint16_t	
[1028]	20015	0x20000F14	uint16_t	
[1029]	22073	0x20000F16	uint16_t	
[1030]	23550	0x20000F18	uint16_t	
[1031]	26440	0x20000F1A	uint16_t	
[1032]	31148	0x20000F1C	uint16_t	
[1033]	34148	0x20000F1E	uint16_t	
[1034]	35174	0x20000F20	uint16_t	
[1035]	34944	0x20000F22	uint16_t	
[1036]	33865	0x20000F24	uint16_t	
[1037]	32139	0x20000F26	uint16_t	
[1038]	30150	0x20000F28	uint16_t	
[1039]	27464	0x20000F2A	uint16_t	
[1040]	22477	0x20000F2C	uint16_t	
[1041]	18571	0x20000F2E	uint16_t	
[1042]	18219	0x20000F30	uint16_t	
[1043]	20207	0x20000F32	uint16_t	
[1044]	22485	0x20000F34	uint16_t	
[1045]	23961	0x20000F36	uint16_t	
[1046]	24588	0x20000F38	uint16_t	
[1047]	26391	0x20000F3A	uint16_t	
[1048]	31004	0x20000F3C	uint16_t	
[1049]	34309	0x20000F3E	uint16_t	
[1050]	35460	0x20000F40	uint16_t	
[1051]	34300	0x20000F42	uint16_t	
[1052]	29549	0x20000F44	uint16_t	
[1053]	22577	0x20000F46	uint16_t	
[1054]	18320	0x20000F48	uint16_t	
[1055]	19854	0x20000F4A	uint16_t	
[1056]	27049	0x20000F4C	uint16_t	
[1057]	32305	0x20000F4E	uint16_t	
[1058]	34164	0x20000F50	uint16_t	
[1059]	34129	0x20000F52	uint16_t	
[1060]	33244	0x20000F54	uint16_t	
[1061]	31944	0x20000F56	uint16_t	
[1062]	30652	0x20000F58	uint16_t	
[1063]	28891	0x20000F5A	uint16_t	
[1064]	24220	0x20000F5C	uint16_t	
[1065]	18853	0x20000F5E	uint16_t	
[1066]	16437	0x20000F60	uint16_t	
[1067]	18293	0x20000F62	uint16_t	
[1068]	25421	0x20000F64	uint16_t	
[1069]	31155	0x20000F66	uint16_t	
[1070]	33361	0x20000F68	uint16_t	
[1071]	32768	0x20000F6A	uint16_t	
[1072]	28091	0x20000F6C	uint16_t	
[1073]	21147	0x20000F6E	uint16_t	
[1074]	17100	0x20000F70	uint16_t	
[1075]	18465	0x20000F72	uint16_t	
[1076]	25632	0x20000F74	uint16_t	
[1077]	31502	0x20000F76	uint16_t	
[1078]	33710	0x20000F78	uint16_t	
[1079]	33304	0x20000F7A	uint16_t	
[1080]	29047	0x20000F7C	uint16_t	
[1081]	22374	0x20000F7E	uint16_t	
[1082]	18161	0x20000F80	uint16_t	
[1083]	19196	0x20000F82	uint16_t	
[1084]	26294	0x20000F84	uint16_t	
[1085]	31915	0x20000F86	uint16_t	
[1086]	34079	0x20000F88	uint16_t	
[1087]	33651	0x20000F8A	uint16_t	
[1088]	29430	0x20000F8C	uint16_t	
[1089]	22656	0x20000F8E	uint16_t	
[1090]	18235	0x20000F90	uint16_t	
[1091]	18075	0x20000F92	uint16_t	
[1092]	20528	0x20000F94	uint16_t	
[1093]	23218	0x20000F96	uint16_t	
[1094]	24743	0x20000F98	uint16_t	
[1095]	26107	0x20000F9A	uint16_t	
[1096]	29957	0x20000F9C	uint16_t	
[1097]	33313	0x20000F9E	uint16_t	
[1098]	34729	0x20000FA0	uint16_t	
[1099]	34361	0x20000FA2	uint16_t	
[1100]	30708	0x20000FA4	uint16_t	
[1101]	24400	0x20000FA6	uint16_t	
[1102]	19649	0x20000FA8	uint16_t	
[1103]	19822	0x20000FAA	uint16_t	
[1104]	26172	0x20000FAC	uint16_t	
[1105]	31952	0x20000FAE	uint16_t	
[1106]	34260	0x20000FB0	uint16_t	
[1107]	34081	0x20000FB2	uint16_t	
[1108]	30325	0x20000FB4	uint16_t	
[1109]	23725	0x20000FB6	uint16_t	
[1110]	18907	0x20000FB8	uint16_t	
[1111]	19003	0x20000FBA	uint16_t	
[1112]	25471	0x20000FBC	uint16_t	
[1113]	31587	0x20000FBE	uint16_t	
[1114]	34093	0x20000FC0	uint16_t	
[1115]	34216	0x20000FC2	uint16_t	
[1116]	33093	0x20000FC4	uint16_t	
[1117]	31748	0x20000FC6	uint16_t	
[1118]	30896	0x20000FC8	uint16_t	
[1119]	30107	0x20000FCA	uint16_t	
[1120]	26527	0x20000FCC	uint16_t	
[1121]	21103	0x20000FCE	uint16_t	
[1122]	17590	0x20000FD0	uint16_t	
[1123]	18065	0x20000FD2	uint16_t	
[1124]	24296	0x20000FD4	uint16_t	
[1125]	30542	0x20000FD6	uint16_t	
[1126]	33277	0x20000FD8	uint16_t	
[1127]	33407	0x20000FDA	uint16_t	
[1128]	29828	0x20000FDC	uint16_t	
[1129]	23052	0x20000FDE	uint16_t	
[1130]	17989	0x20000FE0	uint16_t	
[1131]	17918	0x20000FE2	uint16_t	
[1132]	24348	0x20000FE4	uint16_t	
[1133]	30972	0x20000FE6	uint16_t	
[1134]	33751	0x20000FE8	uint16_t	
[1135]	33865	0x20000FEA	uint16_t	
[1136]	30561	0x20000FEC	uint16_t	
[1137]	24156	0x20000FEE	uint16_t	
[1138]	19018	0x20000FF0	uint16_t	
[1139]	18149	0x20000FF2	uint16_t	
[1140]	20260	0x20000FF4	uint16_t	
[1141]	22951	0x20000FF6	uint16_t	
[1142]	24644	0x20000FF8	uint16_t	
[1143]	25666	0x20000FFA	uint16_t	
[1144]	29217	0x20000FFC	uint16_t	
[1145]	32736	0x20000FFE	uint16_t	
[1146]	34411	0x20001000	uint16_t	
[1147]	34644	0x20001002	uint16_t	
[1148]	33986	0x20001004	uint16_t	
[1149]	33129	0x20001006	uint16_t	
[1150]	32319	0x20001008	uint16_t	
[1151]	31150	0x2000100A	uint16_t	
[1152]	27610	0x2000100C	uint16_t	
[1153]	23202	0x2000100E	uint16_t	
[1154]	21107	0x20001010	uint16_t	
[1155]	21699	0x20001012	uint16_t	
[1156]	23358	0x20001014	uint16_t	
[1157]	24840	0x20001016	uint16_t	
[1158]	25709	0x20001018	uint16_t	
[1159]	26188	0x2000101A	uint16_t	
[1160]	26463	0x2000101C	uint16_t	
[1161]	26683	0x2000101E	uint16_t	
[1162]	26867	0x20001020	uint16_t	
[1163]	27081	0x20001022	uint16_t	
[1164]	27293	0x20001024	uint16_t	
[1165]	27496	0x20001026	uint16_t	
[1166]	27622	0x20001028	uint16_t	
[1167]	27738	0x2000102A	uint16_t	
[1168]	27767	0x2000102C	uint16_t	
[1169]	27778	0x2000102E	uint16_t	
[1170]	27920	0x20001030	uint16_t	
[1171]	28034	0x20001032	uint16_t	
[1172]	28093	0x20001034	uint16_t	
[1173]	28055	0x20001036	uint16_t	
[1174]	28046	0x20001038	uint16_t	
[1175]	28021	0x2000103A	uint16_t	
[1176]	27946	0x2000103C	uint16_t	
[1177]	27824	0x2000103E	uint16_t	
[1178]	27833	0x20001040	uint16_t	
[1179]	27859	0x20001042	uint16_t	
[1180]	27917	0x20001044	uint16_t	
[1181]	27935	0x20001046	uint16_t	
[1182]	27945	0x20001048	uint16_t	
[1183]	27883	0x2000104A	uint16_t	
[1184]	27937	0x2000104C	uint16_t	
[1185]	28023	0x2000104E	uint16_t	
[1186]	28122	0x20001050	uint16_t	
[1187]	28181	0x20001052	uint16_t	
[1188]	28223	0x20001054	uint16_t	
[1189]	28199	0x20001056	uint16_t	
[1190]	28240	0x20001058	uint16_t	
[1191]	28252	0x2000105A	uint16_t	
[1192]	28136	0x2000105C	uint16_t	
[1193]	27977	0x2000105E	uint16_t	
[1194]	27932	0x20001060	uint16_t	
[1195]	27908	0x20001062	uint16_t	
[1196]	27862	0x20001064	uint16_t	
[1197]	27775	0x20001066	uint16_t	
[1198]	27799	0x20001068	uint16_t	
[1199]	27904	0x2000106A	uint16_t	
[1200]	27933	0x2000106C	uint16_t	
[1201]	27997	0x2000106E	uint16_t	
[1202]	28059	0x20001070	uint16_t	
[1203]	28060	0x20001072	uint16_t	
[1204]	27964	0x20001074	uint16_t	
[1205]	27917	0x20001076	uint16_t	
[1206]	28021	0x20001078	uint16_t	
[1207]	28110	0x2000107A	uint16_t	
[1208]	28121	0x2000107C	uint16_t	
[1209]	28060	0x2000107E	uint16_t	
[1210]	28019	0x20001080	uint16_t	
[1211]	27948	0x20001082	uint16_t	
[1212]	27902	0x20001084	uint16_t	
[1213]	27822	0x20001086	uint16_t	
[1214]	27742	0x20001088	uint16_t	
[1215]	27723	0x2000108A	uint16_t	
